<?xml version="1.0" encoding="UTF-8"?>
<!-- Generated by org.testng.reporters.JUnitReportReporter -->
<testsuite hostname="Rishis-MacBook-Pro.local" failures="0" tests="4" name="ApachePOITests.DataDriven_Excel_LoginTest" time="5.573" errors="0" timestamp="2022-05-16T20:22:04 PDT" skipped="0">
  <testcase classname="ApachePOITests.DataDriven_Excel_LoginTest" name="loginTest" time="0.685"/>
  <system-out/>
  <testcase classname="ApachePOITests.DataDriven_Excel_LoginTest" name="loginTest" time="0.653"/>
  <system-out/>
  <testcase classname="ApachePOITests.DataDriven_Excel_LoginTest" name="loginTest" time="3.587"/>
  <system-out/>
  <testcase classname="ApachePOITests.DataDriven_Excel_LoginTest" name="loginTest" time="0.648"/>
  <system-out/>
</testsuite> <!-- ApachePOITests.DataDriven_Excel_LoginTest -->
