<?xml version="1.0" encoding="UTF-8"?>
<!-- Generated by org.testng.reporters.JUnitReportReporter -->
<testsuite hostname="Rishis-MacBook-Pro.local" failures="0" tests="4" name="ApachePOITests.DataDrivenTest" time="5.924" errors="0" timestamp="2022-05-16T18:11:32 PDT" skipped="0">
  <testcase classname="ApachePOITests.DataDrivenTest" name="loginTest" time="3.795"/>
  <system-out/>
  <testcase classname="ApachePOITests.DataDrivenTest" name="loginTest" time="0.743"/>
  <system-out/>
  <testcase classname="ApachePOITests.DataDrivenTest" name="loginTest" time="0.710"/>
  <system-out/>
  <testcase classname="ApachePOITests.DataDrivenTest" name="loginTest" time="0.676"/>
  <system-out/>
</testsuite> <!-- ApachePOITests.DataDrivenTest -->
